

> @tuel/gallery@0.1.0 build /Users/omersmac/Desktop/Repos/CODE Templates/tuel/packages/gallery
> tsup

[34mCLI[39m Building entry: src/index.ts
[34mCLI[39m Using tsconfig: tsconfig.json
[34mCLI[39m tsup v8.5.0
[34mCLI[39m Using tsup config: /Users/omersmac/Desktop/Repos/CODE Templates/tuel/packages/gallery/tsup.config.ts
[34mCLI[39m Target: es2017
[34mCLI[39m Cleaning output folder
[34mCJS[39m Build start
[34mESM[39m Build start
[32mCJS[39m [1mdist/index.cjs     [22m[32m50.15 KB[39m
[32mCJS[39m [1mdist/index.cjs.map [22m[32m74.99 KB[39m
[32mCJS[39m ⚡️ Build success in 14ms
[32mESM[39m [1mdist/index.js     [22m[32m45.46 KB[39m
[32mESM[39m [1mdist/index.js.map [22m[32m75.19 KB[39m
[32mESM[39m ⚡️ Build success in 15ms
DTS Build start
DTS ⚡️ Build success in 1853ms
DTS dist/index.d.cts 4.43 KB
DTS dist/index.d.ts  4.43 KB
